Using pre-set license
Built from '2021.3/staging' branch; Version is '2021.3.10f1 (1c7d0df0160b) revision 1867021'; Using compiler version '192829333'; Build Type 'Release'
OS: 'Windows 10  (10.0.19045) 64bit Professional' Language: 'ko' Physical Memory: 16338 MB
BatchMode: 1, IsHumanControllingUs: 0, StartBugReporterOnCrash: 0, Is64bit: 1, IsPro: 1

COMMAND LINE ARGUMENTS:
D:\UnityInstalls\2021.3.10f1\Editor\Unity.exe
-adb2
-batchMode
-noUpm
-name
AssetImportWorker0
-projectPath
C:/myWork/IosGameBoys/GameBoyIOs
-logFile
Logs/AssetImportWorker0.log
-srvPort
59767
Successfully changed project path to: C:/myWork/IosGameBoys/GameBoyIOs
C:/myWork/IosGameBoys/GameBoyIOs
[UnityMemory] Configuration Parameters - Can be set up in boot.config
    "memorysetup-bucket-allocator-granularity=16"
    "memorysetup-bucket-allocator-bucket-count=8"
    "memorysetup-bucket-allocator-block-size=33554432"
    "memorysetup-bucket-allocator-block-count=8"
    "memorysetup-main-allocator-block-size=16777216"
    "memorysetup-thread-allocator-block-size=16777216"
    "memorysetup-gfx-main-allocator-block-size=16777216"
    "memorysetup-gfx-thread-allocator-block-size=16777216"
    "memorysetup-cache-allocator-block-size=4194304"
    "memorysetup-typetree-allocator-block-size=2097152"
    "memorysetup-profiler-bucket-allocator-granularity=16"
    "memorysetup-profiler-bucket-allocator-bucket-count=8"
    "memorysetup-profiler-bucket-allocator-block-size=33554432"
    "memorysetup-profiler-bucket-allocator-block-count=8"
    "memorysetup-profiler-allocator-block-size=16777216"
    "memorysetup-profiler-editor-allocator-block-size=1048576"
    "memorysetup-temp-allocator-size-main=16777216"
    "memorysetup-job-temp-allocator-block-size=2097152"
    "memorysetup-job-temp-allocator-block-size-background=1048576"
    "memorysetup-job-temp-allocator-reduction-small-platforms=262144"
    "memorysetup-temp-allocator-size-background-worker=32768"
    "memorysetup-temp-allocator-size-job-worker=262144"
    "memorysetup-temp-allocator-size-preload-manager=33554432"
    "memorysetup-temp-allocator-size-nav-mesh-worker=65536"
    "memorysetup-temp-allocator-size-audio-worker=65536"
    "memorysetup-temp-allocator-size-cloud-worker=32768"
    "memorysetup-temp-allocator-size-gi-baking-worker=262144"
    "memorysetup-temp-allocator-size-gfx=262144"
Refreshing native plugins compatible for Editor in 102.82 ms, found 3 plugins.
Preloading 0 native plugins for Editor in 0.00 ms.
Initialize engine version: 2021.3.10f1 (1c7d0df0160b)
[Subsystems] Discovering subsystems at path D:/UnityInstalls/2021.3.10f1/Editor/Data/Resources/UnitySubsystems
[Subsystems] Discovering subsystems at path C:/myWork/IosGameBoys/GameBoyIOs/Assets
GfxDevice: creating device client; threaded=0; jobified=0
Direct3D:
    Version:  Direct3D 11.0 [level 11.1]
    Renderer: NVIDIA GeForce GTX 1060 6GB (ID=0x1c03)
    Vendor:   NVIDIA
    VRAM:     6052 MB
    Driver:   31.0.15.1694
Initialize mono
Mono path[0] = 'D:/UnityInstalls/2021.3.10f1/Editor/Data/Managed'
Mono path[1] = 'D:/UnityInstalls/2021.3.10f1/Editor/Data/MonoBleedingEdge/lib/mono/unityjit-win32'
Mono config path = 'D:/UnityInstalls/2021.3.10f1/Editor/Data/MonoBleedingEdge/etc'
Using monoOptions --debugger-agent=transport=dt_socket,embedding=1,server=y,suspend=n,address=127.0.0.1:56384
Begin MonoManager ReloadAssembly
Registering precompiled unity dll's ...
Register platform support module: D:/UnityInstalls/2021.3.10f1/Editor/Data/PlaybackEngines/MacStandaloneSupport/UnityEditor.OSXStandalone.Extensions.dll
Register platform support module: D:/UnityInstalls/2021.3.10f1/Editor/Data/PlaybackEngines/AndroidPlayer/UnityEditor.Android.Extensions.dll
Register platform support module: D:/UnityInstalls/2021.3.10f1/Editor/Data/PlaybackEngines/iOSSupport/UnityEditor.iOS.Extensions.dll
Register platform support module: D:/UnityInstalls/2021.3.10f1/Editor/Data/PlaybackEngines/WindowsStandaloneSupport/UnityEditor.WindowsStandalone.Extensions.dll
Registered in 0.007026 seconds.
Native extension for WindowsStandalone target not found
[usbmuxd] Start listen thread
[usbmuxd] Listen thread started
Native extension for iOS target not found
Native extension for Android target not found
Native extension for OSXStandalone target not found
Refreshing native plugins compatible for Editor in 108.05 ms, found 3 plugins.
Preloading 0 native plugins for Editor in 0.00 ms.
Mono: successfully reloaded assembly
- Completed reload, in  1.168 seconds
Domain Reload Profiling:
	ReloadAssembly (1169ms)
		BeginReloadAssembly (112ms)
			ExecutionOrderSort (0ms)
			DisableScriptedObjects (0ms)
			BackupInstance (0ms)
			ReleaseScriptingObjects (0ms)
			CreateAndSetChildDomain (1ms)
		EndReloadAssembly (847ms)
			LoadAssemblies (113ms)
			RebuildTransferFunctionScriptingTraits (0ms)
			SetupTypeCache (224ms)
			ReleaseScriptCaches (0ms)
			RebuildScriptCaches (55ms)
			SetupLoadedEditorAssemblies (490ms)
				LogAssemblyErrors (0ms)
				InitializePlatformSupportModulesInManaged (95ms)
				SetLoadedEditorAssemblies (0ms)
				RefreshPlugins (108ms)
				BeforeProcessingInitializeOnLoad (3ms)
				ProcessInitializeOnLoadAttributes (176ms)
				ProcessInitializeOnLoadMethodAttributes (107ms)
				AfterProcessingInitializeOnLoad (0ms)
				EditorAssembliesLoaded (0ms)
			ExecutionOrderSort2 (0ms)
			AwakeInstancesAfterBackupRestoration (0ms)
Platform modules already initialized, skipping
Registering precompiled user dll's ...
Registered in 0.016258 seconds.
Begin MonoManager ReloadAssembly
Symbol file LoadedFromMemory doesn't match image C:\myWork\IosGameBoys\GameBoyIOs\Library\PackageCache\com.unity.visualscripting@1.7.8\Editor\VisualScripting.Core\Dependencies\YamlDotNet\Unity.VisualScripting.YamlDotNet.dll
Symbol file LoadedFromMemory doesn't match image C:\myWork\IosGameBoys\GameBoyIOs\Library\PackageCache\com.unity.visualscripting@1.7.8\Editor\VisualScripting.Core\Dependencies\DotNetZip\Unity.VisualScripting.IonicZip.dll
Native extension for WindowsStandalone target not found
Native extension for iOS target not found
Native extension for Android target not found
Native extension for OSXStandalone target not found
Refreshing native plugins compatible for Editor in 0.73 ms, found 3 plugins.
Preloading 0 native plugins for Editor in 0.00 ms.
Mono: successfully reloaded assembly
- Completed reload, in  2.039 seconds
Domain Reload Profiling:
	ReloadAssembly (2040ms)
		BeginReloadAssembly (328ms)
			ExecutionOrderSort (0ms)
			DisableScriptedObjects (14ms)
			BackupInstance (0ms)
			ReleaseScriptingObjects (0ms)
			CreateAndSetChildDomain (135ms)
		EndReloadAssembly (1340ms)
			LoadAssemblies (218ms)
			RebuildTransferFunctionScriptingTraits (0ms)
			SetupTypeCache (460ms)
			ReleaseScriptCaches (1ms)
			RebuildScriptCaches (71ms)
			SetupLoadedEditorAssemblies (561ms)
				LogAssemblyErrors (0ms)
				InitializePlatformSupportModulesInManaged (31ms)
				SetLoadedEditorAssemblies (1ms)
				RefreshPlugins (1ms)
				BeforeProcessingInitializeOnLoad (118ms)
				ProcessInitializeOnLoadAttributes (365ms)
				ProcessInitializeOnLoadMethodAttributes (40ms)
				AfterProcessingInitializeOnLoad (4ms)
				EditorAssembliesLoaded (0ms)
			ExecutionOrderSort2 (0ms)
			AwakeInstancesAfterBackupRestoration (16ms)
Platform modules already initialized, skipping
========================================================================
Worker process is ready to serve import requests
Launched and connected shader compiler UnityShaderCompiler.exe after 0.11 seconds
Refreshing native plugins compatible for Editor in 0.81 ms, found 3 plugins.
Preloading 0 native plugins for Editor in 0.00 ms.
Unloading 3273 Unused Serialized files (Serialized files now loaded: 0)
Unloading 24 unused Assets / (58.3 KB). Loaded Objects now: 3735.
Memory consumption went from 112.3 MB to 112.3 MB.
Total: 5.338500 ms (FindLiveObjects: 0.614100 ms CreateObjectMapping: 0.634300 ms MarkObjects: 3.985400 ms  DeleteObjects: 0.103400 ms)

AssetImportParameters requested are different than current active one (requested -> active):
  custom:video-decoder-ogg-theora: a1e56fd34408186e4bbccfd4996cb3dc -> 
  custom:container-muxer-webm: aa71ff27fc2769a1b78a27578f13a17b -> 
  custom:container-demuxer-webm: 4f35f7cbe854078d1ac9338744f61a02 -> 
  custom:video-encoder-webm-vp8: eb34c28f22e8b96e1ab97ce403110664 -> 
  custom:audio-encoder-webm-vorbis: bf7c407c2cedff20999df2af8eb42d56 -> 
  custom:framework-win-MediaFoundation: 216162199b28c13a410421893ffa2e32 -> 
  custom:container-demuxer-ogg: 62fdf1f143b41e24485cea50d1cbac27 -> 
  custom:video-decoder-webm-vp8: 9c59270c3fd7afecdb556c50c9e8de78 -> 
  custom:audio-decoder-ogg-vorbis: bf7c407c2cedff20999df2af8eb42d56 -> 
========================================================================
Received Import Request.
  Time since last request: 100878.658098 seconds.
  path: Assets/UniversalRenderPipelineGlobalSettings.asset
  artifactKey: Guid(e38092629eb2747e69b123fbd49c5ad1) Importer(815301076,1909f56bfc062723c751e8b465ee728b)
Start importing Assets/UniversalRenderPipelineGlobalSettings.asset using Guid(e38092629eb2747e69b123fbd49c5ad1) Importer(815301076,1909f56bfc062723c751e8b465ee728b)  -> (artifact id: '2b45dc5bd624b268fa8001fc2803d453') in 0.064563 seconds 
========================================================================
Received Import Request.
  Time since last request: 214.231903 seconds.
  path: Assets/Scenes
  artifactKey: Guid(109e9bdd0fcc649c5bc59085c35bdc83) Importer(815301076,1909f56bfc062723c751e8b465ee728b)
Start importing Assets/Scenes using Guid(109e9bdd0fcc649c5bc59085c35bdc83) Importer(815301076,1909f56bfc062723c751e8b465ee728b)  -> (artifact id: 'dc551c28631bb03ca9b61942ea6fe31a') in 0.010505 seconds 
========================================================================
Received Import Request.
  Time since last request: 0.780804 seconds.
  path: Assets/Resources
  artifactKey: Guid(adf4e5d448ce542f7bcd124fe19957be) Importer(815301076,1909f56bfc062723c751e8b465ee728b)
Start importing Assets/Resources using Guid(adf4e5d448ce542f7bcd124fe19957be) Importer(815301076,1909f56bfc062723c751e8b465ee728b)  -> (artifact id: 'b49a02669427aa0219e4f5da9559a91a') in 0.008192 seconds 
========================================================================
Received Import Request.
  Time since last request: 0.089327 seconds.
  path: Assets/Resources/OptionPopup.prefab
  artifactKey: Guid(5a7f1c748981f41a9a1663df2eed2eab) Importer(815301076,1909f56bfc062723c751e8b465ee728b)
Start importing Assets/Resources/OptionPopup.prefab using Guid(5a7f1c748981f41a9a1663df2eed2eab) Importer(815301076,1909f56bfc062723c751e8b465ee728b)  -> (artifact id: 'd930496f0524dc61b3cb3f7df75c8dab') in 0.069752 seconds 
========================================================================
Received Import Request.
  Time since last request: 0.847930 seconds.
  path: Assets/Resources/rungame
  artifactKey: Guid(26eb1b4818e1a4f55883b6bfaffc064c) Importer(815301076,1909f56bfc062723c751e8b465ee728b)
Start importing Assets/Resources/rungame using Guid(26eb1b4818e1a4f55883b6bfaffc064c) Importer(815301076,1909f56bfc062723c751e8b465ee728b)  -> (artifact id: '8ce855dd8601bdbd80641602755188de') in 0.009038 seconds 
========================================================================
Received Import Request.
  Time since last request: 0.940647 seconds.
  path: Assets/Resources/rungame/friendRun
  artifactKey: Guid(249d32d69841043209aa4785ce4d2e39) Importer(815301076,1909f56bfc062723c751e8b465ee728b)
Start importing Assets/Resources/rungame/friendRun using Guid(249d32d69841043209aa4785ce4d2e39) Importer(815301076,1909f56bfc062723c751e8b465ee728b)  -> (artifact id: '61bb1817580749ad23a30b4cac362b9c') in 0.009536 seconds 
========================================================================
Received Import Request.
  Time since last request: 0.091244 seconds.
  path: Assets/Resources/rungame/friendRun/dog1 (1).png
  artifactKey: Guid(f273410a9faab4b3c8c28e207d9f5ea2) Importer(815301076,1909f56bfc062723c751e8b465ee728b)
Start importing Assets/Resources/rungame/friendRun/dog1 (1).png using Guid(f273410a9faab4b3c8c28e207d9f5ea2) Importer(815301076,1909f56bfc062723c751e8b465ee728b)  -> (artifact id: '82515bc23af3706c584663bcfdbd7b90') in 0.265452 seconds 
========================================================================
Received Import Request.
  Time since last request: 0.000055 seconds.
  path: Assets/Resources/rungame/friendRun/sudal.png
  artifactKey: Guid(e3d5543df61ed422197fca594c898b1c) Importer(815301076,1909f56bfc062723c751e8b465ee728b)
Start importing Assets/Resources/rungame/friendRun/sudal.png using Guid(e3d5543df61ed422197fca594c898b1c) Importer(815301076,1909f56bfc062723c751e8b465ee728b)  -> (artifact id: 'aeaa76e9f469576cd9799bd9bb90c474') in 0.121268 seconds 
========================================================================
Received Import Request.
  Time since last request: 0.000048 seconds.
  path: Assets/Resources/rungame/friendRun/icecream.png
  artifactKey: Guid(1fbe3ad70f3af4f178ac1dcb9af72170) Importer(815301076,1909f56bfc062723c751e8b465ee728b)
Start importing Assets/Resources/rungame/friendRun/icecream.png using Guid(1fbe3ad70f3af4f178ac1dcb9af72170) Importer(815301076,1909f56bfc062723c751e8b465ee728b)  -> (artifact id: 'd855e756cf509c0bd510f05d7579c7ea') in 0.052706 seconds 
========================================================================
Received Import Request.
  Time since last request: 0.000031 seconds.
  path: Assets/Resources/rungame/friendRun/tacoyaki.png
  artifactKey: Guid(4f1b36c774aa54a62a3d4ccd7c0c747f) Importer(815301076,1909f56bfc062723c751e8b465ee728b)
Start importing Assets/Resources/rungame/friendRun/tacoyaki.png using Guid(4f1b36c774aa54a62a3d4ccd7c0c747f) Importer(815301076,1909f56bfc062723c751e8b465ee728b)  -> (artifact id: '05a94f5244862b0bbe6b4673ee4d7649') in 0.051795 seconds 
========================================================================
Received Import Request.
  Time since last request: 0.000038 seconds.
  path: Assets/Resources/rungame/friendRun/puding.png
  artifactKey: Guid(bad586dfc108d4a04911eb3162a6919f) Importer(815301076,1909f56bfc062723c751e8b465ee728b)
Start importing Assets/Resources/rungame/friendRun/puding.png using Guid(bad586dfc108d4a04911eb3162a6919f) Importer(815301076,1909f56bfc062723c751e8b465ee728b)  -> (artifact id: 'dfea3e9ae37e83e768b321f1f1b34bcf') in 0.043033 seconds 
========================================================================
Received Import Request.
  Time since last request: 0.000041 seconds.
  path: Assets/Resources/rungame/friendRun/taco.png
  artifactKey: Guid(2d22d0a8d941c4b3f81193b8ac43b5e3) Importer(815301076,1909f56bfc062723c751e8b465ee728b)
Start importing Assets/Resources/rungame/friendRun/taco.png using Guid(2d22d0a8d941c4b3f81193b8ac43b5e3) Importer(815301076,1909f56bfc062723c751e8b465ee728b)  -> (artifact id: '7d1ff4abec7e0d267fb0b6357ee9ff1f') in 0.114859 seconds 
========================================================================
Received Import Request.
  Time since last request: 1.413360 seconds.
  path: Assets/Resources/rungame/friendRun/Mob
  artifactKey: Guid(44779da6f9a40c0488af170a92b10e44) Importer(815301076,1909f56bfc062723c751e8b465ee728b)
Start importing Assets/Resources/rungame/friendRun/Mob using Guid(44779da6f9a40c0488af170a92b10e44) Importer(815301076,1909f56bfc062723c751e8b465ee728b)  -> (artifact id: 'ead221fb67da6e4488127c2cbca53f59') in 0.003898 seconds 
========================================================================
Received Import Request.
  Time since last request: 2.608986 seconds.
  path: Assets/Resources/rungame/friendRun/Image
  artifactKey: Guid(5db499fab04095946978a6191ec145b4) Importer(815301076,1909f56bfc062723c751e8b465ee728b)
Start importing Assets/Resources/rungame/friendRun/Image using Guid(5db499fab04095946978a6191ec145b4) Importer(815301076,1909f56bfc062723c751e8b465ee728b)  -> (artifact id: '49cdd059531421cd12749ec84b4fab43') in 0.009641 seconds 
========================================================================
Received Import Request.
  Time since last request: 0.073385 seconds.
  path: Assets/Resources/rungame/friendRun/Image/dog1 (1).png
  artifactKey: Guid(42231c5c43926674db3708dfef1f5722) Importer(815301076,1909f56bfc062723c751e8b465ee728b)
Start importing Assets/Resources/rungame/friendRun/Image/dog1 (1).png using Guid(42231c5c43926674db3708dfef1f5722) Importer(815301076,1909f56bfc062723c751e8b465ee728b)  -> (artifact id: '99991d14c38f4c3e89839c36ae050cd9') in 0.066618 seconds 
========================================================================
Received Import Request.
  Time since last request: 0.000023 seconds.
  path: Assets/Resources/rungame/friendRun/Image/gaori.png
  artifactKey: Guid(6d8e389d1ae020b4993dfd79ea41ba77) Importer(815301076,1909f56bfc062723c751e8b465ee728b)
Start importing Assets/Resources/rungame/friendRun/Image/gaori.png using Guid(6d8e389d1ae020b4993dfd79ea41ba77) Importer(815301076,1909f56bfc062723c751e8b465ee728b)  -> (artifact id: '272e7eaf5116353fd53af9bb81525724') in 0.139528 seconds 
========================================================================
Received Import Request.
  Time since last request: 0.000036 seconds.
  path: Assets/Resources/rungame/friendRun/Image/sudal.png
  artifactKey: Guid(69dadffa601fec84bb86cd2026cbd9ff) Importer(815301076,1909f56bfc062723c751e8b465ee728b)
Start importing Assets/Resources/rungame/friendRun/Image/sudal.png using Guid(69dadffa601fec84bb86cd2026cbd9ff) Importer(815301076,1909f56bfc062723c751e8b465ee728b)  -> (artifact id: '84b174d49eb7278696bdf335f8d25402') in 0.097363 seconds 
========================================================================
Received Import Request.
  Time since last request: 0.000029 seconds.
  path: Assets/Resources/rungame/friendRun/Image/taco.png
  artifactKey: Guid(4eb55efa48c0fca4f9f18250fb84e87b) Importer(815301076,1909f56bfc062723c751e8b465ee728b)
Start importing Assets/Resources/rungame/friendRun/Image/taco.png using Guid(4eb55efa48c0fca4f9f18250fb84e87b) Importer(815301076,1909f56bfc062723c751e8b465ee728b)  -> (artifact id: '72016fab9037f9b053ea1daba9d3f222') in 0.095554 seconds 
========================================================================
Received Import Request.
  Time since last request: 3.380888 seconds.
  path: Assets/Resources/rungame/friendRun/Animation
  artifactKey: Guid(59c6491966aae6a439e5bc77ae145af8) Importer(815301076,1909f56bfc062723c751e8b465ee728b)
Start importing Assets/Resources/rungame/friendRun/Animation using Guid(59c6491966aae6a439e5bc77ae145af8) Importer(815301076,1909f56bfc062723c751e8b465ee728b)  -> (artifact id: '3b64160ab0c278fda58a6578ddfbcd8c') in 0.011100 seconds 
========================================================================
Received Import Request.
  Time since last request: 17.148767 seconds.
  path: Assets/Resources/rungame/friendRun/Mob/Mob (doldom).prefab
  artifactKey: Guid(99fd0d9426a018f49babe57c429e4c02) Importer(815301076,1909f56bfc062723c751e8b465ee728b)
Start importing Assets/Resources/rungame/friendRun/Mob/Mob (doldom).prefab using Guid(99fd0d9426a018f49babe57c429e4c02) Importer(815301076,1909f56bfc062723c751e8b465ee728b)  -> (artifact id: '219461143241b7e5c67f94f7441604f1') in 0.098220 seconds 
========================================================================
Received Import Request.
  Time since last request: 0.000033 seconds.
  path: Assets/Resources/rungame/friendRun/Mob/Mob (tacoyaki).prefab
  artifactKey: Guid(75f58cedfe9c0c64fa71be45ae0e58bd) Importer(815301076,1909f56bfc062723c751e8b465ee728b)
Start importing Assets/Resources/rungame/friendRun/Mob/Mob (tacoyaki).prefab using Guid(75f58cedfe9c0c64fa71be45ae0e58bd) Importer(815301076,1909f56bfc062723c751e8b465ee728b)  -> (artifact id: '17a5923f2724e386c8df83df1f5372d7') in 0.033229 seconds 
========================================================================
Received Import Request.
  Time since last request: 0.000036 seconds.
  path: Assets/Resources/rungame/friendRun/Mob/Mob (icecream).prefab
  artifactKey: Guid(8fb91ffb6202e4746bcccaf84bf217e4) Importer(815301076,1909f56bfc062723c751e8b465ee728b)
Start importing Assets/Resources/rungame/friendRun/Mob/Mob (icecream).prefab using Guid(8fb91ffb6202e4746bcccaf84bf217e4) Importer(815301076,1909f56bfc062723c751e8b465ee728b)  -> (artifact id: '0d8c72c090cfaae854fbb7758ad6a2f1') in 0.024171 seconds 
========================================================================
Received Import Request.
  Time since last request: 0.000025 seconds.
  path: Assets/Resources/rungame/friendRun/Mob/Mob (sudal).prefab
  artifactKey: Guid(d44ff0e6e3a367f459824dbf5380c198) Importer(815301076,1909f56bfc062723c751e8b465ee728b)
Start importing Assets/Resources/rungame/friendRun/Mob/Mob (sudal).prefab using Guid(d44ff0e6e3a367f459824dbf5380c198) Importer(815301076,1909f56bfc062723c751e8b465ee728b)  -> (artifact id: '868a47176ee4eaceac52b43e6f0543ca') in 0.041553 seconds 
========================================================================
Received Import Request.
  Time since last request: 44.726890 seconds.
  path: Assets/Resources/rungame/friendRun/DogRun.anim
  artifactKey: Guid(0ba4c1524d30d45ddb529598490168a3) Importer(815301076,1909f56bfc062723c751e8b465ee728b)
Start importing Assets/Resources/rungame/friendRun/DogRun.anim using Guid(0ba4c1524d30d45ddb529598490168a3) Importer(815301076,1909f56bfc062723c751e8b465ee728b)  -> (artifact id: '529ce47f2f7c01dc9361b53cb3b74fce') in 0.012110 seconds 
========================================================================
Received Import Request.
  Time since last request: 13.446659 seconds.
  path: Assets/Resources/rungame/friendRun/Animation/DogRun.anim
  artifactKey: Guid(1d3a5412f5b66f8438ba2f540b72c185) Importer(815301076,1909f56bfc062723c751e8b465ee728b)
Start importing Assets/Resources/rungame/friendRun/Animation/DogRun.anim using Guid(1d3a5412f5b66f8438ba2f540b72c185) Importer(815301076,1909f56bfc062723c751e8b465ee728b)  -> (artifact id: 'f5995631c2409259cfc9a9b8ed1bbbc6') in 0.004399 seconds 
========================================================================
Received Import Request.
  Time since last request: 4.289586 seconds.
  path: Assets/Resources/rungame/friendRun/dog1 (1).controller
  artifactKey: Guid(e9b6d47e6a88e49759a7994792d27d9f) Importer(815301076,1909f56bfc062723c751e8b465ee728b)
Start importing Assets/Resources/rungame/friendRun/dog1 (1).controller using Guid(e9b6d47e6a88e49759a7994792d27d9f) Importer(815301076,1909f56bfc062723c751e8b465ee728b)  -> (artifact id: 'a95fc7ec4a0d8772f8712c39dbd5f8c8') in 0.010644 seconds 
========================================================================
Received Import Request.
  Time since last request: 37.130999 seconds.
  path: Assets/Scenes/IntroScene.unity
  artifactKey: Guid(7905e388b7f424c71963bef35b91e7d5) Importer(815301076,1909f56bfc062723c751e8b465ee728b)
Start importing Assets/Scenes/IntroScene.unity using Guid(7905e388b7f424c71963bef35b91e7d5) Importer(815301076,1909f56bfc062723c751e8b465ee728b)  -> (artifact id: '57fbd5fc8814e961b693d21ca658ec0b') in 0.009324 seconds 
========================================================================
Received Prepare
Registering precompiled user dll's ...
Registered in 0.009078 seconds.
Begin MonoManager ReloadAssembly
Symbol file LoadedFromMemory doesn't match image C:\myWork\IosGameBoys\GameBoyIOs\Library\PackageCache\com.unity.visualscripting@1.7.8\Editor\VisualScripting.Core\Dependencies\YamlDotNet\Unity.VisualScripting.YamlDotNet.dll
Symbol file LoadedFromMemory doesn't match image C:\myWork\IosGameBoys\GameBoyIOs\Library\PackageCache\com.unity.visualscripting@1.7.8\Editor\VisualScripting.Core\Dependencies\DotNetZip\Unity.VisualScripting.IonicZip.dll
Native extension for WindowsStandalone target not found
Native extension for iOS target not found
Native extension for Android target not found
Native extension for OSXStandalone target not found
Refreshing native plugins compatible for Editor in 0.67 ms, found 3 plugins.
Preloading 0 native plugins for Editor in 0.00 ms.
Mono: successfully reloaded assembly
- Completed reload, in  1.439 seconds
Domain Reload Profiling:
	ReloadAssembly (1440ms)
		BeginReloadAssembly (184ms)
			ExecutionOrderSort (0ms)
			DisableScriptedObjects (7ms)
			BackupInstance (0ms)
			ReleaseScriptingObjects (0ms)
			CreateAndSetChildDomain (46ms)
		EndReloadAssembly (1125ms)
			LoadAssemblies (138ms)
			RebuildTransferFunctionScriptingTraits (0ms)
			SetupTypeCache (349ms)
			ReleaseScriptCaches (1ms)
			RebuildScriptCaches (71ms)
			SetupLoadedEditorAssemblies (501ms)
				LogAssemblyErrors (0ms)
				InitializePlatformSupportModulesInManaged (47ms)
				SetLoadedEditorAssemblies (1ms)
				RefreshPlugins (1ms)
				BeforeProcessingInitializeOnLoad (99ms)
				ProcessInitializeOnLoadAttributes (301ms)
				ProcessInitializeOnLoadMethodAttributes (47ms)
				AfterProcessingInitializeOnLoad (5ms)
				EditorAssembliesLoaded (0ms)
			ExecutionOrderSort2 (0ms)
			AwakeInstancesAfterBackupRestoration (18ms)
Platform modules already initialized, skipping
Refreshing native plugins compatible for Editor in 3.06 ms, found 3 plugins.
Preloading 0 native plugins for Editor in 0.00 ms.
Unloading 3266 Unused Serialized files (Serialized files now loaded: 0)
Unloading 20 unused Assets / (26.9 KB). Loaded Objects now: 3769.
Memory consumption went from 116.7 MB to 116.7 MB.
Total: 5.008700 ms (FindLiveObjects: 0.316800 ms CreateObjectMapping: 0.385700 ms MarkObjects: 4.259900 ms  DeleteObjects: 0.045200 ms)

AssetImportParameters requested are different than current active one (requested -> active):
  custom:video-decoder-ogg-theora: a1e56fd34408186e4bbccfd4996cb3dc -> 
  custom:container-muxer-webm: aa71ff27fc2769a1b78a27578f13a17b -> 
  custom:container-demuxer-webm: 4f35f7cbe854078d1ac9338744f61a02 -> 
  custom:video-encoder-webm-vp8: eb34c28f22e8b96e1ab97ce403110664 -> 
  custom:audio-encoder-webm-vorbis: bf7c407c2cedff20999df2af8eb42d56 -> 
  custom:framework-win-MediaFoundation: 216162199b28c13a410421893ffa2e32 -> 
  custom:container-demuxer-ogg: 62fdf1f143b41e24485cea50d1cbac27 -> 
  custom:video-decoder-webm-vp8: 9c59270c3fd7afecdb556c50c9e8de78 -> 
  custom:audio-decoder-ogg-vorbis: bf7c407c2cedff20999df2af8eb42d56 -> 
